2024-05-06 17:12:23,698 WARNING database DDL Query made to DB:
ALTER TABLE `tabInsured Details` MODIFY `address__where_vehicle_is_normally_kept_and_used_pin_code` int NOT NULL DEFAULT 0, MODIFY `jsong` json, MODIFY `time` decimal(21,9), MODIFY `fax_no` int NOT NULL DEFAULT 0, MODIFY `ruppes` decimal(21,9) NOT NULL DEFAULT 0.0, MODIFY `okl` tinyint NOT NULL DEFAULT 0
2024-05-06 17:13:25,282 WARNING database DDL Query made to DB:
ALTER TABLE `tabInsured Details` MODIFY `address__where_vehicle_is_normally_kept_and_used_pin_code` int NOT NULL DEFAULT 0, MODIFY `ruppes` decimal(21,9) NOT NULL DEFAULT 0.0, MODIFY `fax_no` int NOT NULL DEFAULT 0, MODIFY `jsong` json, MODIFY `time` decimal(21,9), MODIFY `okl` tinyint NOT NULL DEFAULT 0
2024-05-06 17:13:44,300 WARNING database DDL Query made to DB:
ALTER TABLE `tabInsured Details` MODIFY `okl` tinyint NOT NULL DEFAULT 0, MODIFY `jsong` json, MODIFY `fax_no` int NOT NULL DEFAULT 0, MODIFY `ruppes` decimal(21,9) NOT NULL DEFAULT 0.0, MODIFY `time` decimal(21,9), MODIFY `address__where_vehicle_is_normally_kept_and_used_pin_code` int NOT NULL DEFAULT 0
2024-05-06 17:14:35,866 WARNING database DDL Query made to DB:
ALTER TABLE `tabInsured Details` MODIFY `time` decimal(21,9), MODIFY `okl` tinyint NOT NULL DEFAULT 0, MODIFY `ruppes` decimal(21,9) NOT NULL DEFAULT 0.0, MODIFY `address__where_vehicle_is_normally_kept_and_used_pin_code` int NOT NULL DEFAULT 0, MODIFY `jsong` json, MODIFY `fax_no` int NOT NULL DEFAULT 0
2024-05-06 17:38:30,036 WARNING database DDL Query made to DB:
ALTER TABLE `tabInsured Details` MODIFY `okl` tinyint NOT NULL DEFAULT 0, MODIFY `fax_no` int NOT NULL DEFAULT 0, MODIFY `time` decimal(21,9), MODIFY `address__where_vehicle_is_normally_kept_and_used_pin_code` int NOT NULL DEFAULT 0, MODIFY `ruppes` decimal(21,9) NOT NULL DEFAULT 0.0, MODIFY `jsong` json
2024-05-06 17:39:26,684 WARNING database DDL Query made to DB:
ALTER TABLE `tabInsured Details` MODIFY `ruppes` decimal(21,9) NOT NULL DEFAULT 0.0, MODIFY `fax_no` int NOT NULL DEFAULT 0, MODIFY `address__where_vehicle_is_normally_kept_and_used_pin_code` int NOT NULL DEFAULT 0, MODIFY `time` decimal(21,9), MODIFY `jsong` json, MODIFY `okl` tinyint NOT NULL DEFAULT 0
2024-05-06 17:40:03,087 WARNING database DDL Query made to DB:
ALTER TABLE `tabInsured Details` MODIFY `jsong` json, MODIFY `okl` tinyint NOT NULL DEFAULT 0, MODIFY `ruppes` decimal(21,9) NOT NULL DEFAULT 0.0, MODIFY `time` decimal(21,9), MODIFY `fax_no` int NOT NULL DEFAULT 0, MODIFY `address__where_vehicle_is_normally_kept_and_used_pin_code` int NOT NULL DEFAULT 0
2024-05-06 17:48:12,997 WARNING database DDL Query made to DB:
ALTER TABLE `tabInsured Details` MODIFY `address__where_vehicle_is_normally_kept_and_used_pin_code` int NOT NULL DEFAULT 0, MODIFY `fax_no` int NOT NULL DEFAULT 0, MODIFY `ruppes` decimal(21,9) NOT NULL DEFAULT 0.0, MODIFY `okl` tinyint NOT NULL DEFAULT 0, MODIFY `jsong` json, MODIFY `time` decimal(21,9)
2024-06-12 12:08:52,274 WARNING database DDL Query made to DB:
create table `tabdemo` (
			name varchar(140) primary key,
			creation datetime(6),
			modified datetime(6),
			modified_by varchar(140),
			owner varchar(140),
			docstatus tinyint not null default '0',
			idx int not null default '0',
			`_user_tags` text,
`_comments` text,
`_assign` text,
`_liked_by` text,
index creation(creation))
			ENGINE=InnoDB
			ROW_FORMAT=DYNAMIC
			CHARACTER SET=utf8mb4
			COLLATE=utf8mb4_unicode_ci
2024-06-12 14:28:44,306 WARNING database DDL Query made to DB:
ALTER TABLE `tabdemo` ADD COLUMN `name1` varchar(140)
2024-06-14 12:07:58,480 WARNING database DDL Query made to DB:
create table `tabtesting` (
			name varchar(140) primary key,
			creation datetime(6),
			modified datetime(6),
			modified_by varchar(140),
			owner varchar(140),
			docstatus tinyint not null default '0',
			idx int not null default '0',
			`_user_tags` text,
`_comments` text,
`_assign` text,
`_liked_by` text,
index creation(creation))
			ENGINE=InnoDB
			ROW_FORMAT=DYNAMIC
			CHARACTER SET=utf8mb4
			COLLATE=utf8mb4_unicode_ci
2024-06-14 12:09:45,801 WARNING database DDL Query made to DB:
create table `tabMock` (
			name varchar(140) primary key,
			creation datetime(6),
			modified datetime(6),
			modified_by varchar(140),
			owner varchar(140),
			docstatus tinyint not null default '0',
			idx int not null default '0',
			`_user_tags` text,
`_comments` text,
`_assign` text,
`_liked_by` text,
index creation(creation))
			ENGINE=InnoDB
			ROW_FORMAT=DYNAMIC
			CHARACTER SET=utf8mb4
			COLLATE=utf8mb4_unicode_ci
2024-06-14 12:10:07,998 WARNING database DDL Query made to DB:
ALTER TABLE `tabMock` ADD COLUMN `mock_name` varchar(140)
2024-06-14 12:10:07,998 WARNING database DDL Query made to DB:
ALTER TABLE `tabMock` ADD COLUMN `mock_name` varchar(140)
2024-06-14 12:10:07,998 WARNING database DDL Query made to DB:
ALTER TABLE `tabMock` ADD COLUMN `mock_name` varchar(140)
