2024-06-14 12:17:33,612 ERROR scheduler Skipped queueing frappe.monitor.flush because it was found in queue for library.localhost
2024-06-14 12:17:33,619 ERROR scheduler Skipped queueing frappe.utils.global_search.sync_global_search because it was found in queue for library.localhost
2024-06-14 12:17:33,623 ERROR scheduler Skipped queueing frappe.email.doctype.email_account.email_account.notify_unreplied because it was found in queue for library.localhost
2024-06-14 12:17:33,627 ERROR scheduler Skipped queueing frappe.email.queue.flush because it was found in queue for library.localhost
2024-06-14 12:17:33,640 ERROR scheduler Skipped queueing frappe.twofactor.delete_all_barcodes_for_users because it was found in queue for library.localhost
2024-06-14 12:17:33,644 ERROR scheduler Skipped queueing frappe.website.doctype.web_page.web_page.check_publish_status because it was found in queue for library.localhost
2024-06-14 12:17:33,647 ERROR scheduler Skipped queueing frappe.oauth.delete_oauth2_data because it was found in queue for library.localhost
2024-06-14 12:18:33,828 ERROR scheduler Skipped queueing frappe.automation.doctype.reminder.reminder.send_reminders because it was found in queue for library.localhost
2024-06-14 12:18:33,834 ERROR scheduler Skipped queueing frappe.monitor.flush because it was found in queue for library.localhost
2024-06-14 12:18:33,838 ERROR scheduler Skipped queueing frappe.utils.global_search.sync_global_search because it was found in queue for library.localhost
2024-06-14 12:18:33,841 ERROR scheduler Skipped queueing frappe.email.doctype.email_account.email_account.notify_unreplied because it was found in queue for library.localhost
2024-06-14 12:18:33,845 ERROR scheduler Skipped queueing frappe.email.queue.flush because it was found in queue for library.localhost
2024-06-14 12:18:33,864 ERROR scheduler Skipped queueing frappe.oauth.delete_oauth2_data because it was found in queue for library.localhost
2024-06-14 12:19:34,043 ERROR scheduler Skipped queueing frappe.automation.doctype.reminder.reminder.send_reminders because it was found in queue for library.localhost
2024-06-14 12:19:34,046 ERROR scheduler Skipped queueing frappe.monitor.flush because it was found in queue for library.localhost
2024-06-14 12:19:34,049 ERROR scheduler Skipped queueing frappe.utils.global_search.sync_global_search because it was found in queue for library.localhost
2024-06-14 12:19:34,052 ERROR scheduler Skipped queueing frappe.email.doctype.email_account.email_account.notify_unreplied because it was found in queue for library.localhost
2024-06-14 12:19:34,055 ERROR scheduler Skipped queueing frappe.email.queue.flush because it was found in queue for library.localhost
2024-06-14 12:19:34,064 ERROR scheduler Skipped queueing frappe.twofactor.delete_all_barcodes_for_users because it was found in queue for library.localhost
2024-06-14 12:19:34,066 ERROR scheduler Skipped queueing frappe.website.doctype.web_page.web_page.check_publish_status because it was found in queue for library.localhost
2024-06-14 12:19:34,068 ERROR scheduler Skipped queueing frappe.oauth.delete_oauth2_data because it was found in queue for library.localhost
2024-06-14 12:20:34,131 ERROR scheduler Skipped queueing frappe.utils.global_search.sync_global_search because it was found in queue for library.localhost
2024-06-14 12:20:34,134 ERROR scheduler Skipped queueing frappe.email.doctype.email_account.email_account.notify_unreplied because it was found in queue for library.localhost
2024-06-14 12:20:34,136 ERROR scheduler Skipped queueing frappe.email.queue.flush because it was found in queue for library.localhost
2024-06-14 12:31:36,359 ERROR scheduler Skipped queueing frappe.core.doctype.prepared_report.prepared_report.expire_stalled_report because it was found in queue for library.localhost
2024-06-14 12:31:36,366 ERROR scheduler Skipped queueing frappe.email.doctype.email_account.email_account.pull because it was found in queue for library.localhost
2024-06-14 12:31:36,370 ERROR scheduler Skipped queueing frappe.twofactor.delete_all_barcodes_for_users because it was found in queue for library.localhost
2024-06-14 12:31:36,375 ERROR scheduler Skipped queueing frappe.website.doctype.web_page.web_page.check_publish_status because it was found in queue for library.localhost
2024-06-14 12:31:36,378 ERROR scheduler Skipped queueing frappe.oauth.delete_oauth2_data because it was found in queue for library.localhost
2024-06-14 12:32:36,525 ERROR scheduler Skipped queueing frappe.core.doctype.prepared_report.prepared_report.expire_stalled_report because it was found in queue for library.localhost
2024-06-14 12:32:36,528 ERROR scheduler Skipped queueing frappe.email.doctype.email_account.email_account.pull because it was found in queue for library.localhost
2024-06-14 12:32:36,531 ERROR scheduler Skipped queueing frappe.twofactor.delete_all_barcodes_for_users because it was found in queue for library.localhost
2024-06-14 12:32:36,533 ERROR scheduler Skipped queueing frappe.website.doctype.web_page.web_page.check_publish_status because it was found in queue for library.localhost
2024-06-14 12:32:36,536 ERROR scheduler Skipped queueing frappe.oauth.delete_oauth2_data because it was found in queue for library.localhost
2024-06-14 12:33:36,650 ERROR scheduler Skipped queueing frappe.automation.doctype.reminder.reminder.send_reminders because it was found in queue for library.localhost
2024-06-14 12:33:36,654 ERROR scheduler Skipped queueing frappe.monitor.flush because it was found in queue for library.localhost
2024-06-14 12:33:36,657 ERROR scheduler Skipped queueing frappe.utils.global_search.sync_global_search because it was found in queue for library.localhost
2024-06-14 12:33:36,660 ERROR scheduler Skipped queueing frappe.email.doctype.email_account.email_account.notify_unreplied because it was found in queue for library.localhost
2024-06-14 12:33:36,663 ERROR scheduler Skipped queueing frappe.email.queue.flush because it was found in queue for library.localhost
2024-06-14 12:33:36,668 ERROR scheduler Skipped queueing frappe.core.doctype.prepared_report.prepared_report.expire_stalled_report because it was found in queue for library.localhost
2024-06-14 12:33:36,671 ERROR scheduler Skipped queueing frappe.email.doctype.email_account.email_account.pull because it was found in queue for library.localhost
2024-06-14 12:33:36,673 ERROR scheduler Skipped queueing frappe.twofactor.delete_all_barcodes_for_users because it was found in queue for library.localhost
2024-06-14 12:33:36,676 ERROR scheduler Skipped queueing frappe.website.doctype.web_page.web_page.check_publish_status because it was found in queue for library.localhost
2024-06-14 12:33:36,678 ERROR scheduler Skipped queueing frappe.oauth.delete_oauth2_data because it was found in queue for library.localhost
2024-06-14 12:34:36,825 ERROR scheduler Skipped queueing frappe.automation.doctype.reminder.reminder.send_reminders because it was found in queue for library.localhost
2024-06-14 12:34:36,829 ERROR scheduler Skipped queueing frappe.monitor.flush because it was found in queue for library.localhost
2024-06-14 12:34:36,832 ERROR scheduler Skipped queueing frappe.utils.global_search.sync_global_search because it was found in queue for library.localhost
2024-06-14 12:34:36,835 ERROR scheduler Skipped queueing frappe.email.doctype.email_account.email_account.notify_unreplied because it was found in queue for library.localhost
2024-06-14 12:34:36,838 ERROR scheduler Skipped queueing frappe.email.queue.flush because it was found in queue for library.localhost
2024-06-14 12:34:36,843 ERROR scheduler Skipped queueing frappe.core.doctype.prepared_report.prepared_report.expire_stalled_report because it was found in queue for library.localhost
2024-06-14 12:34:36,846 ERROR scheduler Skipped queueing frappe.email.doctype.email_account.email_account.pull because it was found in queue for library.localhost
2024-06-14 12:34:36,849 ERROR scheduler Skipped queueing frappe.twofactor.delete_all_barcodes_for_users because it was found in queue for library.localhost
2024-06-14 12:34:36,852 ERROR scheduler Skipped queueing frappe.website.doctype.web_page.web_page.check_publish_status because it was found in queue for library.localhost
2024-06-14 12:34:36,855 ERROR scheduler Skipped queueing frappe.oauth.delete_oauth2_data because it was found in queue for library.localhost
2024-06-14 12:37:11,549 ERROR scheduler Skipped queueing frappe.automation.doctype.reminder.reminder.send_reminders because it was found in queue for library.localhost
2024-06-14 12:37:11,552 ERROR scheduler Skipped queueing frappe.monitor.flush because it was found in queue for library.localhost
2024-06-14 12:37:11,554 ERROR scheduler Skipped queueing frappe.utils.global_search.sync_global_search because it was found in queue for library.localhost
2024-06-14 12:37:11,556 ERROR scheduler Skipped queueing frappe.email.doctype.email_account.email_account.notify_unreplied because it was found in queue for library.localhost
2024-06-14 12:37:11,557 ERROR scheduler Skipped queueing frappe.email.queue.flush because it was found in queue for library.localhost
2024-06-14 12:37:11,565 ERROR scheduler Skipped queueing frappe.website.doctype.web_page.web_page.check_publish_status because it was found in queue for library.localhost
2024-06-14 12:37:11,567 ERROR scheduler Skipped queueing frappe.oauth.delete_oauth2_data because it was found in queue for library.localhost
