2024-06-12 15:43:46,666 ERROR frappe New Exception collected in error log
Site: library.localhost
Form Dict: {'doc': '{"name":"Package Import at 2024-06-12 15:43:37.670896","owner":"Administrator","creation":"2024-06-12 15:43:37.670896","modified":"2024-06-12 15:43:37.670896","modified_by":"Administrator","docstatus":0,"idx":0,"attach_package":"/private/files/conn_multi-1.1.1.tarcd05c6 1.gz","activate":1,"force":0,"log":null,"doctype":"Package Import","__last_sync_on":"2024-06-12T10:13:37.727Z","__unsaved":1}', 'action': 'Save', 'cmd': 'frappe.desk.form.save.savedocs'}
2024-06-12 15:44:03,557 ERROR frappe New Exception collected in error log
Site: library.localhost
Form Dict: {'doc': '{"name":"Package Import at 2024-06-12 15:43:37.670896","owner":"Administrator","creation":"2024-06-12 15:43:37.670896","modified":"2024-06-12 15:43:37.670896","modified_by":"Administrator","docstatus":0,"idx":0,"attach_package":"/private/files/conn_multi-1.1.1.tarcd05c6 1.gz","activate":1,"force":0,"log":null,"doctype":"Package Import","__last_sync_on":"2024-06-12T10:13:37.727Z","__unsaved":1}', 'action': 'Save', 'cmd': 'frappe.desk.form.save.savedocs'}
2024-06-12 15:46:04,330 ERROR frappe New Exception collected in error log
Site: library.localhost
Form Dict: {'doc': '{"name":"Package Import at 2024-06-12 15:46:00.543423","owner":"Administrator","creation":"2024-06-12 15:46:00.543423","modified":"2024-06-12 15:46:00.543423","modified_by":"Administrator","docstatus":0,"idx":0,"attach_package":"/private/files/conn_multi-1.1.1.tarcd05c6 1.gz","activate":1,"force":0,"log":null,"doctype":"Package Import","__last_sync_on":"2024-06-12T10:16:00.589Z","__unsaved":1}', 'action': 'Save', 'cmd': 'frappe.desk.form.save.savedocs'}
2024-06-12 15:47:36,520 ERROR frappe New Exception collected in error log
Site: library.localhost
Form Dict: {'doc': '{"name":"Package Import at 2024-06-12 15:47:15.648947","owner":"Administrator","creation":"2024-06-12 15:47:15.648947","modified":"2024-06-12 15:47:15.648947","modified_by":"Administrator","docstatus":0,"idx":0,"attach_package":"/private/files/conn_multi-1.1.1.tarcd05c6 1.gz","activate":1,"force":0,"doctype":"Package Import","__last_sync_on":"2024-06-12T10:17:33.572Z","__unsaved":1}', 'action': 'Save', 'cmd': 'frappe.desk.form.save.savedocs'}
2024-06-12 16:01:39,833 ERROR frappe New Exception collected in error log
Site: library.localhost
Form Dict: {'doc': '{"name":"Package Import at 2024-06-12 16:01:36.197972","owner":"Administrator","creation":"2024-06-12 16:01:36.197972","modified":"2024-06-12 16:01:36.197972","modified_by":"Administrator","docstatus":0,"idx":0,"attach_package":"/private/files/conn_multi.gz","activate":1,"force":0,"log":null,"doctype":"Package Import","__last_sync_on":"2024-06-12T10:31:36.248Z","__unsaved":1}', 'action': 'Save', 'cmd': 'frappe.desk.form.save.savedocs'}
2024-06-12 16:04:58,405 ERROR frappe New Exception collected in error log
Site: library.localhost
Form Dict: {'doc': '{"name":"Package Import at 2024-06-12 16:01:36.197972","owner":"Administrator","creation":"2024-06-12 16:01:36.197972","modified":"2024-06-12 16:01:36.197972","modified_by":"Administrator","docstatus":0,"idx":0,"attach_package":"/private/files/conn_multi.gz","activate":1,"force":0,"log":null,"doctype":"Package Import","__last_sync_on":"2024-06-12T10:31:36.248Z","__unsaved":1}', 'action': 'Save', 'cmd': 'frappe.desk.form.save.savedocs'}
2024-06-12 16:08:52,521 ERROR frappe New Exception collected in error log
Site: library.localhost
Form Dict: {'doc': '{"name":"Package Import at 2024-06-12 16:08:47.851925","owner":"Administrator","creation":"2024-06-12 16:08:47.851925","modified":"2024-06-12 16:08:47.851925","modified_by":"Administrator","docstatus":0,"idx":0,"attach_package":"/private/files/conn_multi.gz","activate":1,"force":1,"log":null,"doctype":"Package Import","__last_sync_on":"2024-06-12T10:38:47.896Z","__unsaved":1}', 'action': 'Save', 'cmd': 'frappe.desk.form.save.savedocs'}
2024-06-12 16:08:58,371 ERROR frappe New Exception collected in error log
Site: library.localhost
Form Dict: {'doc': '{"name":"Package Import at 2024-06-12 16:08:47.851925","owner":"Administrator","creation":"2024-06-12 16:08:47.851925","modified":"2024-06-12 16:08:47.851925","modified_by":"Administrator","docstatus":0,"idx":0,"attach_package":"/private/files/conn_multi.gz","activate":1,"force":1,"log":null,"doctype":"Package Import","__last_sync_on":"2024-06-12T10:38:47.896Z","__unsaved":1}', 'action': 'Save', 'cmd': 'frappe.desk.form.save.savedocs'}
2024-06-12 16:09:01,762 ERROR frappe New Exception collected in error log
Site: library.localhost
Form Dict: {'doc': '{"name":"Package Import at 2024-06-12 16:08:47.851925","owner":"Administrator","creation":"2024-06-12 16:08:47.851925","modified":"2024-06-12 16:08:47.851925","modified_by":"Administrator","docstatus":0,"idx":0,"attach_package":"/private/files/conn_multi.gz","activate":1,"force":1,"log":null,"doctype":"Package Import","__last_sync_on":"2024-06-12T10:38:47.896Z","__unsaved":1}', 'action': 'Save', 'cmd': 'frappe.desk.form.save.savedocs'}
2024-06-12 16:09:17,280 ERROR frappe New Exception collected in error log
Site: library.localhost
Form Dict: {'doc': '{"name":"Package Import at 2024-06-12 16:08:47.851925","owner":"Administrator","creation":"2024-06-12 16:08:47.851925","modified":"2024-06-12 16:08:47.851925","modified_by":"Administrator","docstatus":0,"idx":0,"attach_package":"/private/files/conn_multi.gz","activate":1,"force":1,"log":null,"doctype":"Package Import","__last_sync_on":"2024-06-12T10:38:47.896Z","__unsaved":1}', 'action': 'Save', 'cmd': 'frappe.desk.form.save.savedocs'}
2024-06-12 16:09:35,562 ERROR frappe New Exception collected in error log
Site: library.localhost
Form Dict: {'doc': '{"name":"Package Import at 2024-06-12 16:08:47.851925","owner":"Administrator","creation":"2024-06-12 16:08:47.851925","modified":"2024-06-12 16:09:31.728914","modified_by":"Administrator","docstatus":0,"idx":0,"attach_package":"/private/files/conn_multi.gz","activate":1,"force":1,"doctype":"Package Import","__unsaved":1}', 'action': 'Save', 'cmd': 'frappe.desk.form.save.savedocs'}
2024-06-12 16:12:06,386 ERROR frappe New Exception collected in error log
Site: library.localhost
Form Dict: {'doc': '{"name":"Package Import at 2024-06-12 16:12:02.598305","owner":"Administrator","creation":"2024-06-12 16:12:02.598305","modified":"2024-06-12 16:12:02.598305","modified_by":"Administrator","docstatus":0,"idx":0,"attach_package":"/private/files/conn_multi-1.2.2.tare97156.gz","activate":1,"force":0,"log":null,"doctype":"Package Import","__last_sync_on":"2024-06-12T10:42:02.648Z","__unsaved":1}', 'action': 'Save', 'cmd': 'frappe.desk.form.save.savedocs'}
2024-06-12 17:06:34,876 ERROR frappe New Exception collected in error log
Site: library.localhost
Form Dict: {'doc': '{"name":"Package Import at 2024-06-12 17:06:31.876038","owner":"Administrator","creation":"2024-06-12 17:06:31.876038","modified":"2024-06-12 17:06:31.876038","modified_by":"Administrator","docstatus":0,"idx":0,"attach_package":"/private/files/conn_multi956aeb.gz","activate":1,"force":0,"log":null,"doctype":"Package Import","__last_sync_on":"2024-06-12T11:36:31.908Z","__unsaved":1}', 'action': 'Save', 'cmd': 'frappe.desk.form.save.savedocs'}
2024-06-12 17:06:58,638 ERROR frappe New Exception collected in error log
Site: library.localhost
Form Dict: {'doc': '{"name":"Package Import at 2024-06-12 17:06:31.876038","owner":"Administrator","creation":"2024-06-12 17:06:31.876038","modified":"2024-06-12 17:06:31.876038","modified_by":"Administrator","docstatus":0,"idx":0,"attach_package":"/private/files/conn_multi956aeb.gz","activate":1,"force":0,"log":null,"doctype":"Package Import","__last_sync_on":"2024-06-12T11:36:31.908Z","__unsaved":1}', 'action': 'Save', 'cmd': 'frappe.desk.form.save.savedocs'}
2024-06-12 17:07:05,934 ERROR frappe New Exception collected in error log
Site: library.localhost
Form Dict: {'doc': '{"name":"Package Import at 2024-06-12 17:06:31.876038","owner":"Administrator","creation":"2024-06-12 17:06:31.876038","modified":"2024-06-12 17:06:31.876038","modified_by":"Administrator","docstatus":0,"idx":0,"attach_package":"/private/files/conn_multi956aeb.gz","activate":1,"force":0,"log":null,"doctype":"Package Import","__last_sync_on":"2024-06-12T11:36:31.908Z","__unsaved":1}', 'action': 'Save', 'cmd': 'frappe.desk.form.save.savedocs'}
2024-06-13 11:40:05,269 ERROR frappe New Exception collected in error log
Site: library.localhost
Form Dict: {'doc': '{"name":"Package Import at 2024-06-13 11:40:00.565322","owner":"Administrator","creation":"2024-06-13 11:40:00.565322","modified":"2024-06-13 11:40:00.565322","modified_by":"Administrator","docstatus":0,"idx":0,"attach_package":"/private/files/conn_multi-2.3.1.tar7432a9.gz","activate":1,"force":0,"log":null,"doctype":"Package Import","__last_sync_on":"2024-06-13T06:10:00.651Z","__unsaved":1}', 'action': 'Save', 'cmd': 'frappe.desk.form.save.savedocs'}
